Performing system checks...

System check identified no issues (0 silenced).
Exception in thread django-main-thread:
Traceback (most recent call last):
  File "/usr/lib/python3.8/threading.py", line 932, in _bootstrap_inner
    self.run()
  File "/usr/lib/python3.8/threading.py", line 870, in run
    self._target(*self._args, **self._kwargs)
  File "/srv/carservenv/lib/python3.8/site-packages/django/utils/autoreload.py", line 64, in wrapper
    fn(*args, **kwargs)
  File "/srv/carservenv/lib/python3.8/site-packages/django/core/management/commands/runserver.py", line 140, in inner_run
    run(
  File "/srv/carservenv/lib/python3.8/site-packages/django/core/servers/basehttp.py", line 269, in run
    httpd = httpd_cls(server_address, WSGIRequestHandler, ipv6=ipv6)
  File "/srv/carservenv/lib/python3.8/site-packages/django/core/servers/basehttp.py", line 77, in __init__
    super().__init__(*args, **kwargs)
  File "/usr/lib/python3.8/socketserver.py", line 452, in __init__
    self.server_bind()
  File "/usr/lib/python3.8/wsgiref/simple_server.py", line 50, in server_bind
    HTTPServer.server_bind(self)
  File "/usr/lib/python3.8/http/server.py", line 138, in server_bind
    socketserver.TCPServer.server_bind(self)
  File "/usr/lib/python3.8/socketserver.py", line 466, in server_bind
    self.socket.bind(self.server_address)
OverflowError: bind(): port must be 0-65535.
Performing system checks...

System check identified no issues (0 silenced).
September 16, 2024 - 23:39:41
Django version 4.2.15, using settings 'myproject.settings'
Starting development server at http://127.0.0.1:9002/
Quit the server with CONTROL-C.

Performing system checks...

Performing system checks...

System check identified no issues (0 silenced).
System check identified no issues (0 silenced).
September 16, 2024 - 23:57:47
Django version 4.2.15, using settings 'myproject.settings'
Starting development server at http://127.0.0.1:9002/
Quit the server with CONTROL-C.

Exception in thread django-main-thread:
Traceback (most recent call last):
  File "/usr/lib/python3.8/threading.py", line 932, in _bootstrap_inner
    self.run()
  File "/usr/lib/python3.8/threading.py", line 870, in run
    self._target(*self._args, **self._kwargs)
  File "/srv/carservenv/lib/python3.8/site-packages/django/utils/autoreload.py", line 64, in wrapper
    fn(*args, **kwargs)
  File "/srv/carservenv/lib/python3.8/site-packages/django/core/management/commands/runserver.py", line 140, in inner_run
    run(
  File "/srv/carservenv/lib/python3.8/site-packages/django/core/servers/basehttp.py", line 269, in run
    httpd = httpd_cls(server_address, WSGIRequestHandler, ipv6=ipv6)
  File "/srv/carservenv/lib/python3.8/site-packages/django/core/servers/basehttp.py", line 77, in __init__
    super().__init__(*args, **kwargs)
  File "/usr/lib/python3.8/socketserver.py", line 452, in __init__
    self.server_bind()
  File "/usr/lib/python3.8/wsgiref/simple_server.py", line 50, in server_bind
    HTTPServer.server_bind(self)
  File "/usr/lib/python3.8/http/server.py", line 138, in server_bind
    socketserver.TCPServer.server_bind(self)
  File "/usr/lib/python3.8/socketserver.py", line 466, in server_bind
    self.socket.bind(self.server_address)
OverflowError: bind(): port must be 0-65535.
